<?xml version="1.0" encoding="UTF-8"?>
<!-- Generated by org.testng.reporters.JUnitXMLReporter -->
<testsuite ignored="0" hostname="LAPTOP-1NQ3MN4I" failures="0" tests="2" name="Test Chrome Browser" time="4.508" errors="0" timestamp="13 Aug 2020 13:09:40 GMT">
  <testcase classname="com.qa.selenium.tests.HomePageTest" name="@BeforeTest setup" time="4.473">
    <failure type="java.lang.NullPointerException">
      <![CDATA[java.lang.NullPointerException
at org.openqa.selenium.support.events.EventFiringWebDriver.extractInterfaces(EventFiringWebDriver.java:120)
at org.openqa.selenium.support.events.EventFiringWebDriver.<init>(EventFiringWebDriver.java:94)
at com.qa.selenium.basepage.BasePage.initDriver(BasePage.java:50)
at com.qa.selenium.tests.HomePageTest.setup(HomePageTest.java:31)
at java.base/java.util.concurrent.ThreadPoolExecutor.runWorker(ThreadPoolExecutor.java:1128)
at java.base/java.util.concurrent.ThreadPoolExecutor$Worker.run(ThreadPoolExecutor.java:628)
at java.base/java.lang.Thread.run(Thread.java:830)
... Removed 17 stack frames]]>
    </failure>
  </testcase> <!-- @BeforeTest setup -->
  <testcase classname="com.qa.selenium.tests.LoginPageTest" name="@BeforeTest setup" time="0.0">
    <skipped/>
  </testcase> <!-- @BeforeTest setup -->
  <testcase classname="com.qa.selenium.tests.HomePageTest" name="@AfterTest tearDown" time="0.0">
    <skipped/>
  </testcase> <!-- @AfterTest tearDown -->
  <testcase classname="com.qa.selenium.tests.LoginPageTest" name="@AfterTest tearDown" time="0.0">
    <skipped/>
  </testcase> <!-- @AfterTest tearDown -->
  <testcase classname="com.qa.selenium.tests.LoginPageTest" name="verifyLoginPage" time="0.0">
    <skipped/>
  </testcase> <!-- verifyLoginPage -->
  <testcase classname="com.qa.selenium.tests.HomePageTest" name="verifyUserName" time="0.0">
    <skipped/>
  </testcase> <!-- verifyUserName -->
</testsuite> <!-- Test Chrome Browser -->
