<?xml version="1.0" encoding="UTF-8"?>
<testng-results ignored="0" total="2" passed="2" failed="0" skipped="0">
  <reporter-output>
  </reporter-output>
  <suite started-at="2020-08-30T07:02:11Z" name="Suite" finished-at="2020-08-30T07:02:34Z" duration-ms="22920">
    <groups>
      <group name="testtwo">
        <method signature="LoginPageTest.verifyLoginPage()[pri:0, instance:com.qa.selenium.tests.LoginPageTest@4d826d77]" name="verifyLoginPage" class="com.qa.selenium.tests.LoginPageTest"/>
      </group> <!-- testtwo -->
    </groups>
    <test started-at="2020-08-30T07:02:11Z" name="Test Chrome Browser" finished-at="2020-08-30T07:02:34Z" duration-ms="22920">
      <class name="com.qa.selenium.tests.LoginPageTest">
        <test-method signature="verifyLoginPage()[pri:0, instance:com.qa.selenium.tests.LoginPageTest@4d826d77]" started-at="2020-08-30T07:02:31Z" name="verifyLoginPage" finished-at="2020-08-30T07:02:33Z" duration-ms="1799" status="PASS">
          <reporter-output>
          </reporter-output>
        </test-method> <!-- verifyLoginPage -->
      </class> <!-- com.qa.selenium.tests.LoginPageTest -->
      <class name="com.qa.selenium.tests.HomePageTest">
        <test-method is-config="true" signature="setup(java.lang.String)[pri:0, instance:com.qa.selenium.tests.HomePageTest@61009542]" started-at="2020-08-30T07:02:11Z" name="setup" finished-at="2020-08-30T07:02:22Z" duration-ms="10760" status="PASS">
          <params>
            <param index="0">
              <value>
                <![CDATA[chrome]]>
              </value>
            </param>
          </params>
          <reporter-output>
          </reporter-output>
        </test-method> <!-- setup -->
        <test-method is-config="true" signature="setup(java.lang.String)[pri:0, instance:com.qa.selenium.tests.LoginPageTest@4d826d77]" started-at="2020-08-30T07:02:22Z" name="setup" finished-at="2020-08-30T07:02:31Z" duration-ms="9094" status="PASS">
          <params>
            <param index="0">
              <value>
                <![CDATA[chrome]]>
              </value>
            </param>
          </params>
          <reporter-output>
          </reporter-output>
        </test-method> <!-- setup -->
        <test-method signature="verifyUserName()[pri:0, instance:com.qa.selenium.tests.HomePageTest@61009542]" started-at="2020-08-30T07:02:31Z" name="verifyUserName" finished-at="2020-08-30T07:02:31Z" duration-ms="152" status="PASS">
          <reporter-output>
          </reporter-output>
        </test-method> <!-- verifyUserName -->
        <test-method is-config="true" signature="tearDown()[pri:0, instance:com.qa.selenium.tests.HomePageTest@61009542]" started-at="2020-08-30T07:02:33Z" name="tearDown" finished-at="2020-08-30T07:02:34Z" duration-ms="618" status="PASS">
          <reporter-output>
          </reporter-output>
        </test-method> <!-- tearDown -->
        <test-method is-config="true" signature="tearDown()[pri:0, instance:com.qa.selenium.tests.LoginPageTest@4d826d77]" started-at="2020-08-30T07:02:34Z" name="tearDown" finished-at="2020-08-30T07:02:34Z" duration-ms="626" status="PASS">
          <reporter-output>
          </reporter-output>
        </test-method> <!-- tearDown -->
      </class> <!-- com.qa.selenium.tests.HomePageTest -->
    </test> <!-- Test Chrome Browser -->
  </suite> <!-- Suite -->
</testng-results>
