<?xml version="1.0" encoding="UTF-8"?>
<testng-results ignored="0" total="2" passed="2" failed="0" skipped="0">
  <reporter-output>
  </reporter-output>
  <suite started-at="2020-08-13T13:16:41Z" name="Suite" finished-at="2020-08-13T13:17:07Z" duration-ms="26423">
    <groups>
      <group name="testtwo">
        <method signature="LoginPageTest.verifyLoginPage()[pri:0, instance:com.qa.selenium.tests.LoginPageTest@327b636c]" name="verifyLoginPage" class="com.qa.selenium.tests.LoginPageTest"/>
      </group> <!-- testtwo -->
    </groups>
    <test started-at="2020-08-13T13:16:41Z" name="Test Chrome Browser" finished-at="2020-08-13T13:17:07Z" duration-ms="26423">
      <class name="com.qa.selenium.tests.LoginPageTest">
        <test-method signature="verifyLoginPage()[pri:0, instance:com.qa.selenium.tests.LoginPageTest@327b636c]" started-at="2020-08-13T13:17:03Z" name="verifyLoginPage" finished-at="2020-08-13T13:17:06Z" duration-ms="2343" status="PASS">
          <reporter-output>
          </reporter-output>
        </test-method> <!-- verifyLoginPage -->
      </class> <!-- com.qa.selenium.tests.LoginPageTest -->
      <class name="com.qa.selenium.tests.HomePageTest">
        <test-method is-config="true" signature="setup(java.lang.String)[pri:0, instance:com.qa.selenium.tests.HomePageTest@45dd4eda]" started-at="2020-08-13T13:16:41Z" name="setup" finished-at="2020-08-13T13:16:55Z" duration-ms="13954" status="PASS">
          <params>
            <param index="0">
              <value>
                <![CDATA[chrome]]>
              </value>
            </param>
          </params>
          <reporter-output>
          </reporter-output>
        </test-method> <!-- setup -->
        <test-method is-config="true" signature="setup(java.lang.String)[pri:0, instance:com.qa.selenium.tests.LoginPageTest@327b636c]" started-at="2020-08-13T13:16:55Z" name="setup" finished-at="2020-08-13T13:17:03Z" duration-ms="8895" status="PASS">
          <params>
            <param index="0">
              <value>
                <![CDATA[chrome]]>
              </value>
            </param>
          </params>
          <reporter-output>
          </reporter-output>
        </test-method> <!-- setup -->
        <test-method signature="verifyUserName()[pri:0, instance:com.qa.selenium.tests.HomePageTest@45dd4eda]" started-at="2020-08-13T13:17:03Z" name="verifyUserName" finished-at="2020-08-13T13:17:04Z" duration-ms="104" status="PASS">
          <reporter-output>
          </reporter-output>
        </test-method> <!-- verifyUserName -->
        <test-method is-config="true" signature="tearDown()[pri:0, instance:com.qa.selenium.tests.HomePageTest@45dd4eda]" started-at="2020-08-13T13:17:06Z" name="tearDown" finished-at="2020-08-13T13:17:06Z" duration-ms="599" status="PASS">
          <reporter-output>
          </reporter-output>
        </test-method> <!-- tearDown -->
        <test-method is-config="true" signature="tearDown()[pri:0, instance:com.qa.selenium.tests.LoginPageTest@327b636c]" started-at="2020-08-13T13:17:06Z" name="tearDown" finished-at="2020-08-13T13:17:07Z" duration-ms="607" status="PASS">
          <reporter-output>
          </reporter-output>
        </test-method> <!-- tearDown -->
      </class> <!-- com.qa.selenium.tests.HomePageTest -->
    </test> <!-- Test Chrome Browser -->
  </suite> <!-- Suite -->
</testng-results>
